<?xml version="1.0" encoding="UTF-8" ?>
<testsuite errors="0" failures="0" hostname="kruno-laptop" name="hr.ponge.pfa.service.env.tenant.TenantServiceTest" tests="4" time="3.169" timestamp="2014-06-05T13:59:25">
  <properties>
[...]
</properties>
  <testcase classname="hr.ponge.pfa.service.env.tenant.TenantServiceTest" name="testCreateEntity" time="0.0060" />
  <testcase classname="hr.ponge.pfa.service.env.tenant.TenantServiceTest" name="testReadEntity" time="0.183" />
  <testcase classname="hr.ponge.pfa.service.env.tenant.TenantServiceTest" name="testDeleteEntity" time="0.0" />
  <testcase classname="hr.ponge.pfa.service.env.tenant.TenantServiceTest" name="testSaveEntity" time="0.07" />
  <system-out><![CDATA[1388 [main] INFO  o.h.annotations.common.Version - HCANN000001: Hibernate Commons Annotations {4.0.4.Final} 
1400 [main] INFO  org.hibernate.Version - HHH000412: Hibernate Core {4.3.5.Final} 
1402 [main] INFO  org.hibernate.cfg.Environment - HHH000206: hibernate.properties not found 
1405 [main] INFO  org.hibernate.cfg.Environment - HHH000021: Bytecode provider name : javassist 
1823 [main] INFO  org.hibernate.dialect.Dialect - HHH000400: Using dialect: org.hibernate.dialect.PostgreSQLDialect 
1835 [main] INFO  o.h.e.j.internal.LobCreatorBuilder - HHH000423: Disabling contextual LOB creation as JDBC driver reported JDBC version [3] less than 4 
2049 [main] INFO  o.h.e.t.i.TransactionFactoryInitiator - HHH000399: Using default transaction strategy (direct JDBC transactions) 
2055 [main] INFO  o.h.h.i.a.ASTQueryTranslatorFactory - HHH000397: Using ASTQueryTranslatorFactory 
2431 [main] INFO  o.h.tool.hbm2ddl.SchemaUpdate - HHH000228: Running hbm2ddl schema update 
2431 [main] INFO  o.h.tool.hbm2ddl.SchemaUpdate - HHH000102: Fetching database metadata 
2436 [main] INFO  o.h.tool.hbm2ddl.SchemaUpdate - HHH000396: Updating schema 
2482 [main] INFO  o.h.tool.hbm2ddl.TableMetadata - HHH000261: Table found: public.pfa_document 
2482 [main] INFO  o.h.tool.hbm2ddl.TableMetadata - HHH000037: Columns: [creation_date, id, document_form, description, user_id, last_change_date] 
2482 [main] INFO  o.h.tool.hbm2ddl.TableMetadata - HHH000108: Foreign keys: [fk_ows7oys13gbitopmj6k93l4f4] 
2482 [main] INFO  o.h.tool.hbm2ddl.TableMetadata - HHH000126: Indexes: [pfa_document_pkey] 
2514 [main] INFO  o.h.tool.hbm2ddl.TableMetadata - HHH000261: Table found: public.pfa_document_template 
2514 [main] INFO  o.h.tool.hbm2ddl.TableMetadata - HHH000037: Columns: [creation_date, id, document_form, description, tenant_id, last_change_date] 
2514 [main] INFO  o.h.tool.hbm2ddl.TableMetadata - HHH000108: Foreign keys: [fk_14y00rshi1juwsrdg0bwnq7fh] 
2514 [main] INFO  o.h.tool.hbm2ddl.TableMetadata - HHH000126: Indexes: [pfa_document_template_pkey] 
2554 [main] INFO  o.h.tool.hbm2ddl.TableMetadata - HHH000261: Table found: public.pfa_picture 
2554 [main] INFO  o.h.tool.hbm2ddl.TableMetadata - HHH000037: Columns: [y_size, picture, creation_date, id, x_size, pic_byte_size, user_id, md5_code, last_change_date] 
2554 [main] INFO  o.h.tool.hbm2ddl.TableMetadata - HHH000108: Foreign keys: [fk_tnkdy3q1pbfrqf6b8pjml2afp] 
2554 [main] INFO  o.h.tool.hbm2ddl.TableMetadata - HHH000126: Indexes: [pfa_picture_pkey] 
2576 [main] INFO  o.h.tool.hbm2ddl.TableMetadata - HHH000261: Table found: public.pfa_template_picture 
2576 [main] INFO  o.h.tool.hbm2ddl.TableMetadata - HHH000037: Columns: [y_size, picture, creation_date, id, x_size, pic_byte_size, tenant_id, md5_code, last_change_date] 
2577 [main] INFO  o.h.tool.hbm2ddl.TableMetadata - HHH000108: Foreign keys: [fk_79jgow0lex8yo3yy6m99hk8kq] 
2577 [main] INFO  o.h.tool.hbm2ddl.TableMetadata - HHH000126: Indexes: [pfa_template_picture_pkey] 
2607 [main] INFO  o.h.tool.hbm2ddl.TableMetadata - HHH000261: Table found: public.pfa_tenant 
2607 [main] INFO  o.h.tool.hbm2ddl.TableMetadata - HHH000037: Columns: [creation_date, id, tenant_properties_id, tenant_name, last_change_date] 
2607 [main] INFO  o.h.tool.hbm2ddl.TableMetadata - HHH000108: Foreign keys: [fk_9d1lqywq83jg0fakb8mh6n2qu] 
2607 [main] INFO  o.h.tool.hbm2ddl.TableMetadata - HHH000126: Indexes: [uk_sfrlrm8mffhnlrbcu6ikrdiu7, pfa_tenant_pkey, uk_9d1lqywq83jg0fakb8mh6n2qu] 
2630 [main] INFO  o.h.tool.hbm2ddl.TableMetadata - HHH000261: Table found: public.pfa_tenant_properties 
2631 [main] INFO  o.h.tool.hbm2ddl.TableMetadata - HHH000037: Columns: [creation_date, id, last_change_date] 
2631 [main] INFO  o.h.tool.hbm2ddl.TableMetadata - HHH000108: Foreign keys: [] 
2632 [main] INFO  o.h.tool.hbm2ddl.TableMetadata - HHH000126: Indexes: [pfa_tenant_properties_pkey] 
2669 [main] INFO  o.h.tool.hbm2ddl.TableMetadata - HHH000261: Table found: public.pfa_user 
2669 [main] INFO  o.h.tool.hbm2ddl.TableMetadata - HHH000037: Columns: [creation_date, id, user_properties, username, users_password, address, last_access_time, date_of_birth, tenant_id, surname, users_name, last_change_date] 
2669 [main] INFO  o.h.tool.hbm2ddl.TableMetadata - HHH000108: Foreign keys: [fk_l84f9x1vfafs4rn4r89nc1560, fk_ln3u8ygvu56dnxjk56a29ueug] 
2669 [main] INFO  o.h.tool.hbm2ddl.TableMetadata - HHH000126: Indexes: [pfa_user_pkey, uk_ln3u8ygvu56dnxjk56a29ueug] 
2695 [main] INFO  o.h.tool.hbm2ddl.TableMetadata - HHH000261: Table found: public.pfa_user_properties 
2695 [main] INFO  o.h.tool.hbm2ddl.TableMetadata - HHH000037: Columns: [creation_date, id, last_change_date] 
2696 [main] INFO  o.h.tool.hbm2ddl.TableMetadata - HHH000108: Foreign keys: [] 
2696 [main] INFO  o.h.tool.hbm2ddl.TableMetadata - HHH000126: Indexes: [pfa_user_properties_pkey] 
2699 [main] INFO  o.h.tool.hbm2ddl.SchemaUpdate - HHH000232: Schema update complete 
2905 [main] TRACE hr.ponge.pfa.aop.LoggerAopImpl - ENTRY hr.ponge.pfa.service.util.DbUtilImpl.executeSqlScript 
2906 [main] TRACE hr.ponge.pfa.aop.LoggerAopImpl - ENTRY ARG:	ALTER SEQUENCE pfa_doc_template_sequence RESTART WITH 1000;
	ALTER SEQUENCE pfa_document_sequence RESTART WITH 1000;
	ALTER SEQUENCE pfa_picture_sequence RESTART WITH 1000;
	ALTER SEQUENCE pfa_tenant_prop_sequence RESTART WITH 1000;
	ALTER SEQUENCE pfa_tenant_sequence RESTART WITH 1000;
	ALTER SEQUENCE pfa_user_sequence RESTART WITH 1000;
	TRUNCATE TABLE pfa_tenant CASCADE;
	TRUNCATE TABLE pfa_tenant_properties CASCADE;
	TRUNCATE TABLE pfa_document CASCADE;
	TRUNCATE TABLE pfa_document_template CASCADE;
	TRUNCATE TABLE pfa_picture CASCADE;
	TRUNCATE TABLE pfa_template_picture CASCADE;
	TRUNCATE TABLE pfa_user CASCADE;
	TRUNCATE TABLE pfa_user_properties CASCADE;
		
	INSERT INTO pfa_tenant_properties(id,creation_date,last_change_date)  VALUES (1,current_timestamp,current_timestamp);
	INSERT INTO pfa_tenant (id,creation_date,last_change_date,tenant_name,tenant_properties_id) VALUES  (1,current_timestamp,current_timestamp,'PONGE', 1);
	INSERT INTO pfa_user_properties (id,creation_date,last_change_date) VALUES (1,current_timestamp,current_timestamp);
	INSERT INTO pfa_user_properties (id,creation_date,last_change_date) VALUES (2,current_timestamp,current_timestamp);
			
		
	INSERT INTO pfa_user (id , creation_date ,last_change_date , address , date_of_birth ,last_access_time, username, users_password,surname , users_name,tenant_id,user_properties) 
		VALUES  (1,current_timestamp,current_timestamp,'Sjenjak 5, 31000 Osijek','1979-01-01',current_timestamp,'test','test','Samardžić','Krunoslav',1 , 1);
	INSERT INTO pfa_user (id , creation_date ,last_change_date , address , date_of_birth ,last_access_time, username, users_password,surname , users_name,tenant_id,user_properties) 
		VALUES  (2,current_timestamp,current_timestamp,'Sjenjak 131, 31000 Osijek','1976-09-28',current_timestamp,'test1','test1','Samardžić','Damir',1 , 2); 
Hibernate: 
    BEGIN;  ALTER SEQUENCE pfa_doc_template_sequence RESTART WITH 1000;  ALTER SEQUENCE pfa_document_sequence RESTART WITH 1000;  ALTER SEQUENCE pfa_picture_sequence RESTART WITH 1000;  ALTER SEQUENCE pfa_tenant_prop_sequence RESTART WITH 1000;  ALTER SEQUENCE pfa_tenant_sequence RESTART WITH 1000;  ALTER SEQUENCE pfa_user_sequence RESTART WITH 1000;  TRUNCATE TABLE pfa_tenant CASCADE;  TRUNCATE TABLE pfa_tenant_properties CASCADE;  TRUNCATE TABLE pfa_document CASCADE;  TRUNCATE TABLE pfa_document_template CASCADE;  TRUNCATE TABLE pfa_picture CASCADE;  TRUNCATE TABLE pfa_template_picture CASCADE;  TRUNCATE TABLE pfa_user CASCADE;  TRUNCATE TABLE pfa_user_properties CASCADE;     INSERT 
    INTO
        pfa_tenant_properties
        (id,creation_date,last_change_date)  
    VALUES
        (1,current_timestamp,current_timestamp);  INSERT 
        INTO
            pfa_tenant
            (id,creation_date,last_change_date,tenant_name,tenant_properties_id) 
        VALUES
            (1,current_timestamp,current_timestamp,'PONGE', 1);  INSERT 
            INTO
                pfa_user_properties
                (id,creation_date,last_change_date) 
            VALUES
                (1,current_timestamp,current_timestamp);  INSERT 
                INTO
                    pfa_user_properties
                    (id,creation_date,last_change_date) 
                VALUES
                    (2,current_timestamp,current_timestamp);         INSERT 
                    INTO
                        pfa_user
                        (id , creation_date ,last_change_date , address , date_of_birth ,last_access_time, username, users_password,surname , users_name,tenant_id,user_properties)    
                    VALUES
                        (1,current_timestamp,current_timestamp,'Sjenjak 5, 31000 Osijek','1979-01-01',current_timestamp,'test','test','Samardžić','Krunoslav',1 , 1);  INSERT 
                        INTO
                            pfa_user
                            (id , creation_date ,last_change_date , address , date_of_birth ,last_access_time, username, users_password,surname , users_name,tenant_id,user_properties)    
                        VALUES
                            (2,current_timestamp,current_timestamp,'Sjenjak 131, 31000 Osijek','1976-09-28',current_timestamp,'test1','test1','Samardžić','Damir',1 , 2);END;
3162 [main] TRACE hr.ponge.pfa.aop.LoggerAopImpl - TIME TO EXECUTE METHOD hr.ponge.pfa.service.util.DbUtilImpl.executeSqlScript  TIME:258 
3162 [main] TRACE hr.ponge.pfa.aop.LoggerAopImpl - EXIT hr.ponge.pfa.service.util.DbUtilImpl.executeSqlScript  RETURN VALUE(0) 
3162 [main] INFO  org.junit.Test - EXECUTE BRINGUP RESULT 0 
3172 [main] TRACE hr.ponge.pfa.aop.LoggerAopImpl - ENTRY hr.ponge.pfa.service.env.tenant.TenantBLImpl.registerMessageListener 
3172 [main] TRACE hr.ponge.pfa.aop.LoggerAopImpl - ENTRY ARG:hr.ponge.pfa.service.env.tenant.TenantServiceTest@2a36bb87 
3172 [main] TRACE hr.ponge.pfa.aop.LoggerAopImpl - TIME TO EXECUTE METHOD hr.ponge.pfa.service.env.tenant.TenantBLImpl.registerMessageListener  TIME:0 
3173 [main] TRACE hr.ponge.pfa.aop.LoggerAopImpl - EXIT hr.ponge.pfa.service.env.tenant.TenantBLImpl.registerMessageListener 
3173 [main] TRACE hr.ponge.pfa.aop.LoggerAopImpl - ENTRY hr.ponge.pfa.service.env.tenant.TenantBLImpl.createEntity 
3174 [main] TRACE hr.ponge.pfa.aop.LoggerAopImpl - TIME TO EXECUTE METHOD hr.ponge.pfa.service.env.tenant.TenantBLImpl.createEntity  TIME:1 
3174 [main] TRACE hr.ponge.pfa.aop.LoggerAopImpl - EXIT hr.ponge.pfa.service.env.tenant.TenantBLImpl.createEntity  RETURN VALUE(Tenant [id=0, name=]) 
3177 [main] TRACE hr.ponge.pfa.aop.LoggerAopImpl - ENTRY hr.ponge.pfa.service.env.tenant.TenantBLImpl.registerMessageListener 
3177 [main] TRACE hr.ponge.pfa.aop.LoggerAopImpl - ENTRY ARG:hr.ponge.pfa.service.env.tenant.TenantServiceTest@14a1e7ad 
3177 [main] TRACE hr.ponge.pfa.aop.LoggerAopImpl - TIME TO EXECUTE METHOD hr.ponge.pfa.service.env.tenant.TenantBLImpl.registerMessageListener  TIME:0 
3177 [main] TRACE hr.ponge.pfa.aop.LoggerAopImpl - EXIT hr.ponge.pfa.service.env.tenant.TenantBLImpl.registerMessageListener 
3178 [main] TRACE hr.ponge.pfa.aop.LoggerAopImpl - ENTRY hr.ponge.pfa.service.env.tenant.TenantBLImpl.readEntity 
3178 [main] TRACE hr.ponge.pfa.aop.LoggerAopImpl - ENTRY ARG:hr.ponge.pfa.service.env.tenant.TenantFilterOptions@11711970 
Hibernate: 
    /* Select
        t 
    from
        Tenant t  
    where
        t.id != 0  */ select
            tenant0_.id as id1_4_,
            tenant0_.creation_date as creation2_4_,
            tenant0_.last_change_date as last_cha3_4_,
            tenant0_.tenant_name as tenant_n4_4_,
            tenant0_.tenant_properties_id as tenant_p5_4_ 
        from
            public.PFA_TENANT tenant0_ 
        where
            tenant0_.id<>0
Hibernate: 
    select
        tenantprop0_.id as id1_5_0_,
        tenantprop0_.creation_date as creation2_5_0_,
        tenantprop0_.last_change_date as last_cha3_5_0_,
        tenant1_.id as id1_4_1_,
        tenant1_.creation_date as creation2_4_1_,
        tenant1_.last_change_date as last_cha3_4_1_,
        tenant1_.tenant_name as tenant_n4_4_1_,
        tenant1_.tenant_properties_id as tenant_p5_4_1_ 
    from
        public.PFA_TENANT_PROPERTIES tenantprop0_ 
    left outer join
        public.PFA_TENANT tenant1_ 
            on tenantprop0_.id=tenant1_.tenant_properties_id 
    where
        tenantprop0_.id=?
Hibernate: 
    /* load hr.ponge.pfa.model.Tenant */ select
        tenant0_.id as id1_4_1_,
        tenant0_.creation_date as creation2_4_1_,
        tenant0_.last_change_date as last_cha3_4_1_,
        tenant0_.tenant_name as tenant_n4_4_1_,
        tenant0_.tenant_properties_id as tenant_p5_4_1_,
        tenantprop1_.id as id1_5_0_,
        tenantprop1_.creation_date as creation2_5_0_,
        tenantprop1_.last_change_date as last_cha3_5_0_ 
    from
        public.PFA_TENANT tenant0_ 
    left outer join
        public.PFA_TENANT_PROPERTIES tenantprop1_ 
            on tenant0_.tenant_properties_id=tenantprop1_.id 
    where
        tenant0_.tenant_properties_id=?
3360 [main] TRACE hr.ponge.pfa.aop.LoggerAopImpl - TIME TO EXECUTE METHOD hr.ponge.pfa.service.env.tenant.TenantBLImpl.readEntity  TIME:182 
3360 [main] TRACE hr.ponge.pfa.aop.LoggerAopImpl - EXIT hr.ponge.pfa.service.env.tenant.TenantBLImpl.readEntity  RETURN VALUE([Tenant [id=1, name=PONGE]]) 
3361 [main] TRACE hr.ponge.pfa.aop.LoggerAopImpl - ENTRY hr.ponge.pfa.service.env.tenant.TenantBLImpl.registerMessageListener 
3361 [main] TRACE hr.ponge.pfa.aop.LoggerAopImpl - ENTRY ARG:hr.ponge.pfa.service.env.tenant.TenantServiceTest@600f11bc 
3361 [main] TRACE hr.ponge.pfa.aop.LoggerAopImpl - TIME TO EXECUTE METHOD hr.ponge.pfa.service.env.tenant.TenantBLImpl.registerMessageListener  TIME:0 
3361 [main] TRACE hr.ponge.pfa.aop.LoggerAopImpl - EXIT hr.ponge.pfa.service.env.tenant.TenantBLImpl.registerMessageListener 
3361 [main] TRACE hr.ponge.pfa.aop.LoggerAopImpl - ENTRY hr.ponge.pfa.service.env.tenant.TenantBLImpl.createEntity 
3362 [main] TRACE hr.ponge.pfa.aop.LoggerAopImpl - TIME TO EXECUTE METHOD hr.ponge.pfa.service.env.tenant.TenantBLImpl.createEntity  TIME:0 
3362 [main] TRACE hr.ponge.pfa.aop.LoggerAopImpl - EXIT hr.ponge.pfa.service.env.tenant.TenantBLImpl.createEntity  RETURN VALUE(Tenant [id=0, name=]) 
3363 [main] TRACE hr.ponge.pfa.aop.LoggerAopImpl - ENTRY hr.ponge.pfa.service.env.tenant.TenantBLImpl.saveEntity 
3363 [main] TRACE hr.ponge.pfa.aop.LoggerAopImpl - ENTRY ARG:Tenant [id=0, name=PERICA] 
Hibernate: 
    /* Select
        t.id 
    from
        Tenant t 
    where
        t.name=:name 
        and t.id<>:id  */ select
            tenant0_.id as col_0_0_ 
        from
            public.PFA_TENANT tenant0_ 
        where
            tenant0_.tenant_name=? 
            and tenant0_.id<>?
Hibernate: 
    select
        nextval ('public.PFA_TENANT_SEQUENCE')
Hibernate: 
    select
        nextval ('public.PFA_TENANT_PROP_SEQUENCE')
Hibernate: 
    /* insert hr.ponge.pfa.model.TenantProperties
        */ insert 
        into
            public.PFA_TENANT_PROPERTIES
            (creation_date, last_change_date, id) 
        values
            (?, ?, ?)
Hibernate: 
    /* insert hr.ponge.pfa.model.Tenant
        */ insert 
        into
            public.PFA_TENANT
            (creation_date, last_change_date, tenant_name, tenant_properties_id, id) 
        values
            (?, ?, ?, ?, ?)
3415 [main] TRACE hr.ponge.pfa.aop.LoggerAopImpl - TIME TO EXECUTE METHOD hr.ponge.pfa.service.env.tenant.TenantBLImpl.saveEntity  TIME:52 
3415 [main] TRACE hr.ponge.pfa.aop.LoggerAopImpl - EXIT hr.ponge.pfa.service.env.tenant.TenantBLImpl.saveEntity  RETURN VALUE(Tenant [id=1000, name=PERICA]) 
3416 [main] TRACE hr.ponge.pfa.aop.LoggerAopImpl - ENTRY hr.ponge.pfa.service.env.tenant.TenantBLImpl.saveEntity 
3416 [main] TRACE hr.ponge.pfa.aop.LoggerAopImpl - ENTRY ARG:Tenant [id=1000, name=N] 
Hibernate: 
    /* load hr.ponge.pfa.model.Tenant */ select
        tenant0_.id as id1_4_1_,
        tenant0_.creation_date as creation2_4_1_,
        tenant0_.last_change_date as last_cha3_4_1_,
        tenant0_.tenant_name as tenant_n4_4_1_,
        tenant0_.tenant_properties_id as tenant_p5_4_1_,
        tenantprop1_.id as id1_5_0_,
        tenantprop1_.creation_date as creation2_5_0_,
        tenantprop1_.last_change_date as last_cha3_5_0_ 
    from
        public.PFA_TENANT tenant0_ 
    left outer join
        public.PFA_TENANT_PROPERTIES tenantprop1_ 
            on tenant0_.tenant_properties_id=tenantprop1_.id 
    where
        tenant0_.id=?
Hibernate: 
    /* load hr.ponge.pfa.model.Tenant */ select
        tenant0_.id as id1_4_1_,
        tenant0_.creation_date as creation2_4_1_,
        tenant0_.last_change_date as last_cha3_4_1_,
        tenant0_.tenant_name as tenant_n4_4_1_,
        tenant0_.tenant_properties_id as tenant_p5_4_1_,
        tenantprop1_.id as id1_5_0_,
        tenantprop1_.creation_date as creation2_5_0_,
        tenantprop1_.last_change_date as last_cha3_5_0_ 
    from
        public.PFA_TENANT tenant0_ 
    left outer join
        public.PFA_TENANT_PROPERTIES tenantprop1_ 
            on tenant0_.tenant_properties_id=tenantprop1_.id 
    where
        tenant0_.tenant_properties_id=?
Hibernate: 
    /* update
        hr.ponge.pfa.model.Tenant */ update
            public.PFA_TENANT 
        set
            last_change_date=?,
            tenant_name=?,
            tenant_properties_id=? 
        where
            id=?
Hibernate: 
    /* Select
        t.id 
    from
        Tenant t 
    where
        t.name=:name 
        and t.id<>:id  */ select
            tenant0_.id as col_0_0_ 
        from
            public.PFA_TENANT tenant0_ 
        where
            tenant0_.tenant_name=? 
            and tenant0_.id<>?
3431 [main] INFO  org.junit.Test - fieldMinChars 
]]></system-out>
  <system-err><![CDATA[Jun 5, 2014 3:59:25 PM org.springframework.context.support.ClassPathXmlApplicationContext prepareRefresh
INFO: Refreshing org.springframework.context.support.ClassPathXmlApplicationContext@68a53de4: startup date [Thu Jun 05 15:59:25 CEST 2014]; root of context hierarchy
Jun 5, 2014 3:59:25 PM org.springframework.beans.factory.xml.XmlBeanDefinitionReader loadBeanDefinitions
INFO: Loading XML bean definitions from class path resource [spring/application-context.xml]
Jun 5, 2014 3:59:25 PM org.springframework.beans.factory.xml.XmlBeanDefinitionReader loadBeanDefinitions
INFO: Loading XML bean definitions from class path resource [spring/aop.xml]
Jun 5, 2014 3:59:25 PM org.springframework.beans.factory.xml.XmlBeanDefinitionReader loadBeanDefinitions
INFO: Loading XML bean definitions from class path resource [spring/dataSource.xml]
Jun 5, 2014 3:59:25 PM org.springframework.beans.factory.xml.XmlBeanDefinitionReader loadBeanDefinitions
INFO: Loading XML bean definitions from class path resource [spring/tenant.xml]
Jun 5, 2014 3:59:25 PM org.springframework.beans.factory.xml.XmlBeanDefinitionReader loadBeanDefinitions
INFO: Loading XML bean definitions from class path resource [spring/common-beans.xml]
Jun 5, 2014 3:59:27 PM org.springframework.orm.hibernate4.HibernateTransactionManager afterPropertiesSet
INFO: Using DataSource [org.apache.commons.dbcp.BasicDataSource@7dcb3cd] of Hibernate SessionFactory for HibernateTransactionManager
]]></system-err>
</testsuite>
